<?xml version="1.0" encoding="UTF-8"?>
<testng-results skipped="0" failed="0" ignored="0" total="1" passed="1">
  <reporter-output>
  </reporter-output>
  <suite name="TestVagrant Suite" duration-ms="57764" started-at="2018-03-30T07:01:42Z" finished-at="2018-03-30T07:02:40Z">
    <groups>
    </groups>
    <test name="Front End Test" duration-ms="57764" started-at="2018-03-30T07:01:42Z" finished-at="2018-03-30T07:02:40Z">
      <class name="testcases.SignInTest">
        <test-method status="PASS" signature="shouldThrowAnErrorIfSignInDetailsAreMissing()[pri:0, instance:testcases.SignInTest@d2cc05a]" name="shouldThrowAnErrorIfSignInDetailsAreMissing" duration-ms="57682" started-at="2018-03-30T12:31:42Z" finished-at="2018-03-30T12:32:40Z">
          <reporter-output>
          </reporter-output>
        </test-method> <!-- shouldThrowAnErrorIfSignInDetailsAreMissing -->
      </class> <!-- testcases.SignInTest -->
    </test> <!-- Front End Test -->
  </suite> <!-- TestVagrant Suite -->
</testng-results>
