<?xml version="1.0" encoding="UTF-8"?>
<testng-results skipped="0" failed="0" ignored="0" total="1" passed="1">
  <reporter-output>
  </reporter-output>
  <suite name="TestVagrant Suite" duration-ms="38139" started-at="2018-03-30T07:31:54Z" finished-at="2018-03-30T07:32:32Z">
    <groups>
    </groups>
    <test name="Front End Test" duration-ms="38139" started-at="2018-03-30T07:31:54Z" finished-at="2018-03-30T07:32:32Z">
      <class name="testcases.HotelBookingTest">
        <test-method status="PASS" signature="shouldBeAbleToSearchForHotels()[pri:0, instance:testcases.HotelBookingTest@d2cc05a]" name="shouldBeAbleToSearchForHotels" duration-ms="38061" started-at="2018-03-30T13:01:54Z" finished-at="2018-03-30T13:02:32Z">
          <reporter-output>
          </reporter-output>
        </test-method> <!-- shouldBeAbleToSearchForHotels -->
      </class> <!-- testcases.HotelBookingTest -->
    </test> <!-- Front End Test -->
  </suite> <!-- TestVagrant Suite -->
</testng-results>
